<?xml version="1.0" encoding="UTF-8"?>
<testng-results ignored="0" total="2" passed="2" failed="0" skipped="0">
  <reporter-output>
  </reporter-output>
  <suite started-at="2022-07-13T12:20:23 IST" name="Default suite" finished-at="2022-07-13T12:20:41 IST" duration-ms="17709">
    <groups>
    </groups>
    <test started-at="2022-07-13T12:20:23 IST" name="Default test" finished-at="2022-07-13T12:20:41 IST" duration-ms="17709">
      <class name="com.maven.mavensample.GooglesearchTest">
        <test-method is-config="true" signature="setBaseURL()[pri:0, instance:com.maven.mavensample.GooglesearchTest@353352b6]" started-at="2022-07-13T12:20:23 IST" name="setBaseURL" finished-at="2022-07-13T12:20:29 IST" duration-ms="5952" status="PASS">
          <reporter-output>
          </reporter-output>
        </test-method> <!-- setBaseURL -->
        <test-method signature="TEST_01()[pri:0, instance:com.maven.mavensample.GooglesearchTest@353352b6]" started-at="2022-07-13T12:20:29 IST" name="TEST_01" finished-at="2022-07-13T12:20:32 IST" duration-ms="2357" status="PASS">
          <reporter-output>
          </reporter-output>
        </test-method> <!-- TEST_01 -->
        <test-method signature="TEST_02()[pri:0, instance:com.maven.mavensample.GooglesearchTest@353352b6]" started-at="2022-07-13T12:20:32 IST" name="TEST_02" finished-at="2022-07-13T12:20:32 IST" duration-ms="25" status="PASS">
          <reporter-output>
          </reporter-output>
        </test-method> <!-- TEST_02 -->
        <test-method is-config="true" signature="closeTest()[pri:0, instance:com.maven.mavensample.GooglesearchTest@353352b6]" started-at="2022-07-13T12:20:32 IST" name="closeTest" finished-at="2022-07-13T12:20:41 IST" duration-ms="9275" status="PASS">
          <reporter-output>
          </reporter-output>
        </test-method> <!-- closeTest -->
      </class> <!-- com.maven.mavensample.GooglesearchTest -->
    </test> <!-- Default test -->
  </suite> <!-- Default suite -->
</testng-results>
